--------------------------------------------------------------------------------
Release 14.2 Trace  (nt64)
Copyright (c) 1995-2012 Xilinx, Inc.  All rights reserved.

C:\Xilinx\14.2\ISE_DS\ISE\bin\nt64\unwrapped\trce.exe -intstyle ise -v 3 -s 3
-n 3 -fastpaths -xml countingdown.twx countingdown.ncd -o countingdown.twr
countingdown.pcf -ucf countingup.ucf

Design file:              countingdown.ncd
Physical constraint file: countingdown.pcf
Device,package,speed:     xc6slx16,csg324,C,-3 (PRODUCTION 1.22 2012-07-09)
Report level:             verbose report

Environment Variable      Effect 
--------------------      ------ 
NONE                      No environment variables were set
--------------------------------------------------------------------------------

INFO:Timing:2698 - No timing constraints found, doing default enumeration.
INFO:Timing:3412 - To improve timing, see the Timing Closure User Guide (UG612).
INFO:Timing:2752 - To get complete path coverage, use the unconstrained paths 
   option. All paths that are not constrained will be reported in the 
   unconstrained paths section(s) of the report.
INFO:Timing:3339 - The clock-to-out numbers in this timing report are based on 
   a 50 Ohm transmission line loading model.  For the details of this model, 
   and for more information on accounting for different loading conditions, 
   please see the device datasheet.



Data Sheet report:
-----------------
All values displayed in nanoseconds (ns)

Setup/Hold to clock clk
------------+------------+------------+------------+------------+------------------+--------+
            |Max Setup to|  Process   |Max Hold to |  Process   |                  | Clock  |
Source      | clk (edge) |   Corner   | clk (edge) |   Corner   |Internal Clock(s) | Phase  |
------------+------------+------------+------------+------------+------------------+--------+
reset       |    2.831(R)|      SLOW  |   -1.135(R)|      FAST  |clk_BUFGP         |   0.000|
------------+------------+------------+------------+------------+------------------+--------+

Clock clk to Pad
------------+-----------------+------------+-----------------+------------+------------------+--------+
            |Max (slowest) clk|  Process   |Min (fastest) clk|  Process   |                  | Clock  |
Destination |  (edge) to PAD  |   Corner   |  (edge) to PAD  |   Corner   |Internal Clock(s) | Phase  |
------------+-----------------+------------+-----------------+------------+------------------+--------+
AN<0>       |         8.913(R)|      SLOW  |         4.435(R)|      FAST  |clk_BUFGP         |   0.000|
AN<1>       |         8.826(R)|      SLOW  |         4.389(R)|      FAST  |clk_BUFGP         |   0.000|
AN<2>       |         8.712(R)|      SLOW  |         4.242(R)|      FAST  |clk_BUFGP         |   0.000|
AN<3>       |         8.745(R)|      SLOW  |         4.258(R)|      FAST  |clk_BUFGP         |   0.000|
seg<0>      |        11.017(R)|      SLOW  |         4.979(R)|      FAST  |clk_BUFGP         |   0.000|
seg<1>      |        11.147(R)|      SLOW  |         4.919(R)|      FAST  |clk_BUFGP         |   0.000|
seg<2>      |        11.507(R)|      SLOW  |         4.952(R)|      FAST  |clk_BUFGP         |   0.000|
seg<3>      |        11.440(R)|      SLOW  |         4.958(R)|      FAST  |clk_BUFGP         |   0.000|
seg<4>      |        10.922(R)|      SLOW  |         4.810(R)|      FAST  |clk_BUFGP         |   0.000|
seg<5>      |        10.700(R)|      SLOW  |         4.829(R)|      FAST  |clk_BUFGP         |   0.000|
seg<6>      |        10.956(R)|      SLOW  |         4.648(R)|      FAST  |clk_BUFGP         |   0.000|
------------+-----------------+------------+-----------------+------------+------------------+--------+

Clock to Setup on destination clock clk
---------------+---------+---------+---------+---------+
               | Src:Rise| Src:Fall| Src:Rise| Src:Fall|
Source Clock   |Dest:Rise|Dest:Rise|Dest:Fall|Dest:Fall|
---------------+---------+---------+---------+---------+
clk            |    3.894|         |         |         |
---------------+---------+---------+---------+---------+


Analysis completed Tue Dec 08 23:53:15 2015 
--------------------------------------------------------------------------------

Trace Settings:
-------------------------
Trace Settings 

Peak Memory Usage: 217 MB



